  [1m[36m (10.8ms)[0m  [1mCREATE TABLE "schema_migrations" ("version" character varying NOT NULL) [0m
  [1m[35m (2.2ms)[0m  CREATE UNIQUE INDEX  "unique_schema_migrations" ON "schema_migrations"  ("version")
  [1m[36mActiveRecord::SchemaMigration Load (0.6ms)[0m  [1mSELECT "schema_migrations".* FROM "schema_migrations"[0m
Migrating to CreateUsers (20151215175149)
  [1m[35m (0.2ms)[0m  BEGIN
  [1m[36m (9.9ms)[0m  [1mCREATE TABLE "users" ("id" serial primary key, "username" character varying NOT NULL, "password_digest" character varying NOT NULL, "session_token" character varying NOT NULL, "created_at" timestamp NOT NULL, "updated_at" timestamp NOT NULL) [0m
  [1m[35m (1.4ms)[0m  CREATE UNIQUE INDEX  "index_users_on_session_token" ON "users"  ("session_token")
  [1m[36m (1.3ms)[0m  [1mCREATE UNIQUE INDEX  "index_users_on_username" ON "users"  ("username")[0m
  [1m[35mSQL (0.6ms)[0m  INSERT INTO "schema_migrations" ("version") VALUES ($1)  [["version", "20151215175149"]]
  [1m[36m (0.6ms)[0m  [1mCOMMIT[0m
  [1m[35mActiveRecord::SchemaMigration Load (0.7ms)[0m  SELECT "schema_migrations".* FROM "schema_migrations"
  [1m[36m (8.1ms)[0m  [1mSELECT t2.oid::regclass::text AS to_table, a1.attname AS column, a2.attname AS primary_key, c.conname AS name, c.confupdtype AS on_update, c.confdeltype AS on_delete
FROM pg_constraint c
JOIN pg_class t1 ON c.conrelid = t1.oid
JOIN pg_class t2 ON c.confrelid = t2.oid
JOIN pg_attribute a1 ON a1.attnum = c.conkey[1] AND a1.attrelid = t1.oid
JOIN pg_attribute a2 ON a2.attnum = c.confkey[1] AND a2.attrelid = t2.oid
JOIN pg_namespace t3 ON c.connamespace = t3.oid
WHERE c.contype = 'f'
  AND t1.relname = 'users'
  AND t3.nspname = ANY (current_schemas(false))
ORDER BY c.conname
[0m


Started GET "/" for ::1 at 2015-12-15 11:14:20 -0800
  [1m[36mActiveRecord::SchemaMigration Load (0.8ms)[0m  [1mSELECT "schema_migrations".* FROM "schema_migrations"[0m
Processing by UsersController#new as HTML
Completed 500 Internal Server Error in 11ms (ActiveRecord: 0.0ms)

SyntaxError (/Users/jurajcech/Desktop/instagram_clone/DaguerreoTyp/app/models/user.rb:3: syntax error, unexpected ':', expecting keyword_end
  validates: :password_digest, presence: true
            ^
/Users/jurajcech/Desktop/instagram_clone/DaguerreoTyp/app/models/user.rb:4: syntax error, unexpected ':', expecting keyword_end
  validates: :password, length: { minimum: 6, allow_nil: true }
            ^
/Users/jurajcech/Desktop/instagram_clone/DaguerreoTyp/app/models/user.rb:5: syntax error, unexpected ':', expecting keyword_end
  validates: :session_token, presence: true, uniqueness: true
            ^
/Users/jurajcech/Desktop/instagram_clone/DaguerreoTyp/app/models/user.rb:5: Can't assign to true
  validates: :session_token, presence: true, uniqueness: true
                                            ^
/Users/jurajcech/Desktop/instagram_clone/DaguerreoTyp/app/models/user.rb:6: syntax error, unexpected ':', expecting keyword_end
  validates: :username, presence: true, uniqueness: true
            ^
/Users/jurajcech/Desktop/instagram_clone/DaguerreoTyp/app/models/user.rb:6: Can't assign to true
  validates: :username, presence: true, uniqueness: true
                                       ^):
  app/models/user.rb:3: syntax error, unexpected ':', expecting keyword_end
  app/models/user.rb:4: syntax error, unexpected ':', expecting keyword_end
  app/models/user.rb:5: syntax error, unexpected ':', expecting keyword_end
  app/models/user.rb:5: Can't assign to true
  app/models/user.rb:6: syntax error, unexpected ':', expecting keyword_end
  app/models/user.rb:6: Can't assign to true
  app/controllers/users_controller.rb:15:in `new'


  Rendered /Users/jurajcech/.rbenv/versions/2.1.2/lib/ruby/gems/2.1.0/gems/actionpack-4.2.4/lib/action_dispatch/middleware/templates/rescues/_source.erb (4.3ms)
  Rendered /Users/jurajcech/.rbenv/versions/2.1.2/lib/ruby/gems/2.1.0/gems/actionpack-4.2.4/lib/action_dispatch/middleware/templates/rescues/_trace.html.erb (2.5ms)
  Rendered /Users/jurajcech/.rbenv/versions/2.1.2/lib/ruby/gems/2.1.0/gems/actionpack-4.2.4/lib/action_dispatch/middleware/templates/rescues/_request_and_response.html.erb (1.4ms)
  Rendered /Users/jurajcech/.rbenv/versions/2.1.2/lib/ruby/gems/2.1.0/gems/actionpack-4.2.4/lib/action_dispatch/middleware/templates/rescues/diagnostics.html.erb within rescues/layout (23.5ms)
  Rendered /Users/jurajcech/.rbenv/versions/2.1.2/lib/ruby/gems/2.1.0/gems/web-console-2.2.1/lib/web_console/templates/_markup.html.erb (0.5ms)
  Rendered /Users/jurajcech/.rbenv/versions/2.1.2/lib/ruby/gems/2.1.0/gems/web-console-2.2.1/lib/web_console/templates/_inner_console_markup.html.erb within layouts/inlined_string (0.3ms)
  Rendered /Users/jurajcech/.rbenv/versions/2.1.2/lib/ruby/gems/2.1.0/gems/web-console-2.2.1/lib/web_console/templates/_prompt_box_markup.html.erb within layouts/inlined_string (0.5ms)
  Rendered /Users/jurajcech/.rbenv/versions/2.1.2/lib/ruby/gems/2.1.0/gems/web-console-2.2.1/lib/web_console/templates/style.css.erb within layouts/inlined_string (0.6ms)
  Rendered /Users/jurajcech/.rbenv/versions/2.1.2/lib/ruby/gems/2.1.0/gems/web-console-2.2.1/lib/web_console/templates/console.js.erb within layouts/javascript (21.4ms)
  Rendered /Users/jurajcech/.rbenv/versions/2.1.2/lib/ruby/gems/2.1.0/gems/web-console-2.2.1/lib/web_console/templates/main.js.erb within layouts/javascript (0.4ms)
  Rendered /Users/jurajcech/.rbenv/versions/2.1.2/lib/ruby/gems/2.1.0/gems/web-console-2.2.1/lib/web_console/templates/error_page.js.erb within layouts/javascript (0.6ms)
  Rendered /Users/jurajcech/.rbenv/versions/2.1.2/lib/ruby/gems/2.1.0/gems/web-console-2.2.1/lib/web_console/templates/index.html.erb (45.5ms)


Started GET "/" for ::1 at 2015-12-15 11:17:55 -0800
Processing by UsersController#new as HTML
  Rendered users/new.html.erb within layouts/application (1.5ms)
Completed 500 Internal Server Error in 16ms (ActiveRecord: 4.8ms)

SyntaxError (/Users/jurajcech/Desktop/instagram_clone/DaguerreoTyp/app/views/users/new.html.erb:26: syntax error, unexpected tIDENTIFIER, expecting ')'
...pist? Sign In!" new_session_url );@output_buffer.safe_append...
...                               ^):
  app/views/users/new.html.erb:26: syntax error, unexpected tIDENTIFIER, expecting ')'
  app/controllers/users_controller.rb:16:in `new'


  Rendered /Users/jurajcech/.rbenv/versions/2.1.2/lib/ruby/gems/2.1.0/gems/actionpack-4.2.4/lib/action_dispatch/middleware/templates/rescues/_source.erb (6.1ms)
  Rendered /Users/jurajcech/.rbenv/versions/2.1.2/lib/ruby/gems/2.1.0/gems/actionpack-4.2.4/lib/action_dispatch/middleware/templates/rescues/_trace.html.erb (2.3ms)
  Rendered /Users/jurajcech/.rbenv/versions/2.1.2/lib/ruby/gems/2.1.0/gems/actionpack-4.2.4/lib/action_dispatch/middleware/templates/rescues/_request_and_response.html.erb (0.8ms)
  Rendered /Users/jurajcech/.rbenv/versions/2.1.2/lib/ruby/gems/2.1.0/gems/actionpack-4.2.4/lib/action_dispatch/middleware/templates/rescues/diagnostics.html.erb within rescues/layout (22.6ms)
  Rendered /Users/jurajcech/.rbenv/versions/2.1.2/lib/ruby/gems/2.1.0/gems/web-console-2.2.1/lib/web_console/templates/_markup.html.erb (0.3ms)
  Rendered /Users/jurajcech/.rbenv/versions/2.1.2/lib/ruby/gems/2.1.0/gems/web-console-2.2.1/lib/web_console/templates/_inner_console_markup.html.erb within layouts/inlined_string (0.2ms)
  Rendered /Users/jurajcech/.rbenv/versions/2.1.2/lib/ruby/gems/2.1.0/gems/web-console-2.2.1/lib/web_console/templates/_prompt_box_markup.html.erb within layouts/inlined_string (0.3ms)
  Rendered /Users/jurajcech/.rbenv/versions/2.1.2/lib/ruby/gems/2.1.0/gems/web-console-2.2.1/lib/web_console/templates/style.css.erb within layouts/inlined_string (0.3ms)
  Rendered /Users/jurajcech/.rbenv/versions/2.1.2/lib/ruby/gems/2.1.0/gems/web-console-2.2.1/lib/web_console/templates/console.js.erb within layouts/javascript (14.8ms)
  Rendered /Users/jurajcech/.rbenv/versions/2.1.2/lib/ruby/gems/2.1.0/gems/web-console-2.2.1/lib/web_console/templates/main.js.erb within layouts/javascript (0.3ms)
  Rendered /Users/jurajcech/.rbenv/versions/2.1.2/lib/ruby/gems/2.1.0/gems/web-console-2.2.1/lib/web_console/templates/error_page.js.erb within layouts/javascript (0.4ms)
  Rendered /Users/jurajcech/.rbenv/versions/2.1.2/lib/ruby/gems/2.1.0/gems/web-console-2.2.1/lib/web_console/templates/index.html.erb (31.9ms)


Started GET "/" for ::1 at 2015-12-15 11:19:52 -0800
Processing by UsersController#new as HTML
  Rendered users/new.html.erb within layouts/application (1.1ms)
Completed 500 Internal Server Error in 4ms (ActiveRecord: 0.0ms)

SyntaxError (/Users/jurajcech/Desktop/instagram_clone/DaguerreoTyp/app/views/users/new.html.erb:28: syntax error, unexpected tIDENTIFIER, expecting ')'
...pist? Sign In!" new_session_url );@output_buffer.safe_append...
...                               ^):
  app/views/users/new.html.erb:28: syntax error, unexpected tIDENTIFIER, expecting ')'
  app/controllers/users_controller.rb:16:in `new'


  Rendered /Users/jurajcech/.rbenv/versions/2.1.2/lib/ruby/gems/2.1.0/gems/actionpack-4.2.4/lib/action_dispatch/middleware/templates/rescues/_source.erb (5.5ms)
  Rendered /Users/jurajcech/.rbenv/versions/2.1.2/lib/ruby/gems/2.1.0/gems/actionpack-4.2.4/lib/action_dispatch/middleware/templates/rescues/_trace.html.erb (2.2ms)
  Rendered /Users/jurajcech/.rbenv/versions/2.1.2/lib/ruby/gems/2.1.0/gems/actionpack-4.2.4/lib/action_dispatch/middleware/templates/rescues/_request_and_response.html.erb (0.8ms)
  Rendered /Users/jurajcech/.rbenv/versions/2.1.2/lib/ruby/gems/2.1.0/gems/actionpack-4.2.4/lib/action_dispatch/middleware/templates/rescues/diagnostics.html.erb within rescues/layout (19.5ms)
  Rendered /Users/jurajcech/.rbenv/versions/2.1.2/lib/ruby/gems/2.1.0/gems/web-console-2.2.1/lib/web_console/templates/_markup.html.erb (0.2ms)
  Rendered /Users/jurajcech/.rbenv/versions/2.1.2/lib/ruby/gems/2.1.0/gems/web-console-2.2.1/lib/web_console/templates/_inner_console_markup.html.erb within layouts/inlined_string (0.2ms)
  Rendered /Users/jurajcech/.rbenv/versions/2.1.2/lib/ruby/gems/2.1.0/gems/web-console-2.2.1/lib/web_console/templates/_prompt_box_markup.html.erb within layouts/inlined_string (0.2ms)
  Rendered /Users/jurajcech/.rbenv/versions/2.1.2/lib/ruby/gems/2.1.0/gems/web-console-2.2.1/lib/web_console/templates/style.css.erb within layouts/inlined_string (0.3ms)
  Rendered /Users/jurajcech/.rbenv/versions/2.1.2/lib/ruby/gems/2.1.0/gems/web-console-2.2.1/lib/web_console/templates/console.js.erb within layouts/javascript (13.0ms)
  Rendered /Users/jurajcech/.rbenv/versions/2.1.2/lib/ruby/gems/2.1.0/gems/web-console-2.2.1/lib/web_console/templates/main.js.erb within layouts/javascript (0.2ms)
  Rendered /Users/jurajcech/.rbenv/versions/2.1.2/lib/ruby/gems/2.1.0/gems/web-console-2.2.1/lib/web_console/templates/error_page.js.erb within layouts/javascript (0.3ms)
  Rendered /Users/jurajcech/.rbenv/versions/2.1.2/lib/ruby/gems/2.1.0/gems/web-console-2.2.1/lib/web_console/templates/index.html.erb (26.7ms)


Started GET "/" for ::1 at 2015-12-15 11:21:21 -0800
Processing by UsersController#new as HTML
  Rendered users/new.html.erb within layouts/application (0.9ms)
Completed 500 Internal Server Error in 3ms (ActiveRecord: 0.0ms)

SyntaxError (/Users/jurajcech/Desktop/instagram_clone/DaguerreoTyp/app/views/users/new.html.erb:28: syntax error, unexpected '(', expecting ')'
... a Daguerreotypist? Sign In!" (new_session_url) );@output_bu...
...                               ^):
  app/views/users/new.html.erb:28: syntax error, unexpected '(', expecting ')'
  app/controllers/users_controller.rb:16:in `new'


  Rendered /Users/jurajcech/.rbenv/versions/2.1.2/lib/ruby/gems/2.1.0/gems/actionpack-4.2.4/lib/action_dispatch/middleware/templates/rescues/_source.erb (5.6ms)
  Rendered /Users/jurajcech/.rbenv/versions/2.1.2/lib/ruby/gems/2.1.0/gems/actionpack-4.2.4/lib/action_dispatch/middleware/templates/rescues/_trace.html.erb (2.2ms)
  Rendered /Users/jurajcech/.rbenv/versions/2.1.2/lib/ruby/gems/2.1.0/gems/actionpack-4.2.4/lib/action_dispatch/middleware/templates/rescues/_request_and_response.html.erb (0.7ms)
  Rendered /Users/jurajcech/.rbenv/versions/2.1.2/lib/ruby/gems/2.1.0/gems/actionpack-4.2.4/lib/action_dispatch/middleware/templates/rescues/diagnostics.html.erb within rescues/layout (18.7ms)
  Rendered /Users/jurajcech/.rbenv/versions/2.1.2/lib/ruby/gems/2.1.0/gems/web-console-2.2.1/lib/web_console/templates/_markup.html.erb (0.3ms)
  Rendered /Users/jurajcech/.rbenv/versions/2.1.2/lib/ruby/gems/2.1.0/gems/web-console-2.2.1/lib/web_console/templates/_inner_console_markup.html.erb within layouts/inlined_string (0.2ms)
  Rendered /Users/jurajcech/.rbenv/versions/2.1.2/lib/ruby/gems/2.1.0/gems/web-console-2.2.1/lib/web_console/templates/_prompt_box_markup.html.erb within layouts/inlined_string (0.3ms)
  Rendered /Users/jurajcech/.rbenv/versions/2.1.2/lib/ruby/gems/2.1.0/gems/web-console-2.2.1/lib/web_console/templates/style.css.erb within layouts/inlined_string (0.3ms)
  Rendered /Users/jurajcech/.rbenv/versions/2.1.2/lib/ruby/gems/2.1.0/gems/web-console-2.2.1/lib/web_console/templates/console.js.erb within layouts/javascript (12.7ms)
  Rendered /Users/jurajcech/.rbenv/versions/2.1.2/lib/ruby/gems/2.1.0/gems/web-console-2.2.1/lib/web_console/templates/main.js.erb within layouts/javascript (0.2ms)
  Rendered /Users/jurajcech/.rbenv/versions/2.1.2/lib/ruby/gems/2.1.0/gems/web-console-2.2.1/lib/web_console/templates/error_page.js.erb within layouts/javascript (0.3ms)
  Rendered /Users/jurajcech/.rbenv/versions/2.1.2/lib/ruby/gems/2.1.0/gems/web-console-2.2.1/lib/web_console/templates/index.html.erb (26.4ms)


Started GET "/" for ::1 at 2015-12-15 11:21:42 -0800
Processing by UsersController#new as HTML
  Rendered shared/_errors.html.erb (0.5ms)
  Rendered users/new.html.erb within layouts/application (2.8ms)
Completed 200 OK in 1252ms (Views: 1250.8ms | ActiveRecord: 0.0ms)


Started GET "/assets/sessions.self-e3b0c44298fc1c149afbf4c8996fb92427ae41e4649b934ca495991b7852b855.css?body=1" for ::1 at 2015-12-15 11:21:43 -0800


Started GET "/assets/users.self-e3b0c44298fc1c149afbf4c8996fb92427ae41e4649b934ca495991b7852b855.css?body=1" for ::1 at 2015-12-15 11:21:43 -0800


Started GET "/assets/users.self-877aef30ae1b040ab8a3aba4e3e309a11d7f2612f44dde450b5c157aa5f95c05.js?body=1" for ::1 at 2015-12-15 11:21:43 -0800


Started GET "/assets/jquery_ujs.self-d456baa54c1fa6be2ec3711f0a72ddf7a5b2f34a6b4f515f33767d6207b7d4b3.js?body=1" for ::1 at 2015-12-15 11:21:43 -0800


Started GET "/assets/jquery.self-a714331225dda820228db323939889f149aec0127aeb06255646b616ba1ca419.js?body=1" for ::1 at 2015-12-15 11:21:43 -0800


Started GET "/assets/application.self-e80e8f2318043e8af94dddc2adad5a4f09739a8ebb323b3ab31cd71d45fd9113.css?body=1" for ::1 at 2015-12-15 11:21:43 -0800


Started GET "/assets/turbolinks.self-c37727e9bd6b2735da5c311aa83fead54ed0be6cc8bd9a65309e9c5abe2cbfff.js?body=1" for ::1 at 2015-12-15 11:21:43 -0800


Started GET "/assets/application.self-3b8dabdc891efe46b9a144b400ad69e37d7e5876bdc39dee783419a69d7ca819.js?body=1" for ::1 at 2015-12-15 11:21:43 -0800


Started GET "/assets/sessions.self-877aef30ae1b040ab8a3aba4e3e309a11d7f2612f44dde450b5c157aa5f95c05.js?body=1" for ::1 at 2015-12-15 11:21:43 -0800


Started GET "/session/new" for ::1 at 2015-12-15 11:21:48 -0800
Processing by SessionsController#new as HTML
  Rendered sessions/new.html.erb within layouts/application (1.0ms)
Completed 500 Internal Server Error in 6ms (ActiveRecord: 0.0ms)

SyntaxError (/Users/jurajcech/Desktop/instagram_clone/DaguerreoTyp/app/views/sessions/new.html.erb:20: syntax error, unexpected tIDENTIFIER, expecting ')'
...otypist? Sign up!" new_user_url );@output_buffer.safe_append...
...                               ^):
  app/views/sessions/new.html.erb:20: syntax error, unexpected tIDENTIFIER, expecting ')'
  app/controllers/sessions_controller.rb:24:in `new'


  Rendered /Users/jurajcech/.rbenv/versions/2.1.2/lib/ruby/gems/2.1.0/gems/actionpack-4.2.4/lib/action_dispatch/middleware/templates/rescues/_source.erb (5.6ms)
  Rendered /Users/jurajcech/.rbenv/versions/2.1.2/lib/ruby/gems/2.1.0/gems/actionpack-4.2.4/lib/action_dispatch/middleware/templates/rescues/_trace.html.erb (2.1ms)
  Rendered /Users/jurajcech/.rbenv/versions/2.1.2/lib/ruby/gems/2.1.0/gems/actionpack-4.2.4/lib/action_dispatch/middleware/templates/rescues/_request_and_response.html.erb (0.7ms)
  Rendered /Users/jurajcech/.rbenv/versions/2.1.2/lib/ruby/gems/2.1.0/gems/actionpack-4.2.4/lib/action_dispatch/middleware/templates/rescues/diagnostics.html.erb within rescues/layout (19.1ms)
  Rendered /Users/jurajcech/.rbenv/versions/2.1.2/lib/ruby/gems/2.1.0/gems/web-console-2.2.1/lib/web_console/templates/_markup.html.erb (0.3ms)
  Rendered /Users/jurajcech/.rbenv/versions/2.1.2/lib/ruby/gems/2.1.0/gems/web-console-2.2.1/lib/web_console/templates/_inner_console_markup.html.erb within layouts/inlined_string (0.2ms)
  Rendered /Users/jurajcech/.rbenv/versions/2.1.2/lib/ruby/gems/2.1.0/gems/web-console-2.2.1/lib/web_console/templates/_prompt_box_markup.html.erb within layouts/inlined_string (0.3ms)
  Rendered /Users/jurajcech/.rbenv/versions/2.1.2/lib/ruby/gems/2.1.0/gems/web-console-2.2.1/lib/web_console/templates/style.css.erb within layouts/inlined_string (0.3ms)
  Rendered /Users/jurajcech/.rbenv/versions/2.1.2/lib/ruby/gems/2.1.0/gems/web-console-2.2.1/lib/web_console/templates/console.js.erb within layouts/javascript (13.0ms)
  Rendered /Users/jurajcech/.rbenv/versions/2.1.2/lib/ruby/gems/2.1.0/gems/web-console-2.2.1/lib/web_console/templates/main.js.erb within layouts/javascript (0.4ms)
  Rendered /Users/jurajcech/.rbenv/versions/2.1.2/lib/ruby/gems/2.1.0/gems/web-console-2.2.1/lib/web_console/templates/error_page.js.erb within layouts/javascript (0.3ms)
  Rendered /Users/jurajcech/.rbenv/versions/2.1.2/lib/ruby/gems/2.1.0/gems/web-console-2.2.1/lib/web_console/templates/index.html.erb (27.9ms)


Started GET "/session/new" for ::1 at 2015-12-15 11:21:48 -0800
Processing by SessionsController#new as HTML
  Rendered sessions/new.html.erb within layouts/application (1.2ms)
Completed 500 Internal Server Error in 5ms (ActiveRecord: 0.0ms)

SyntaxError (/Users/jurajcech/Desktop/instagram_clone/DaguerreoTyp/app/views/sessions/new.html.erb:20: syntax error, unexpected tIDENTIFIER, expecting ')'
...otypist? Sign up!" new_user_url );@output_buffer.safe_append...
...                               ^):
  app/views/sessions/new.html.erb:20: syntax error, unexpected tIDENTIFIER, expecting ')'
  app/controllers/sessions_controller.rb:24:in `new'


  Rendered /Users/jurajcech/.rbenv/versions/2.1.2/lib/ruby/gems/2.1.0/gems/actionpack-4.2.4/lib/action_dispatch/middleware/templates/rescues/_source.erb (5.1ms)
  Rendered /Users/jurajcech/.rbenv/versions/2.1.2/lib/ruby/gems/2.1.0/gems/actionpack-4.2.4/lib/action_dispatch/middleware/templates/rescues/_trace.html.erb (2.6ms)
  Rendered /Users/jurajcech/.rbenv/versions/2.1.2/lib/ruby/gems/2.1.0/gems/actionpack-4.2.4/lib/action_dispatch/middleware/templates/rescues/_request_and_response.html.erb (0.8ms)
  Rendered /Users/jurajcech/.rbenv/versions/2.1.2/lib/ruby/gems/2.1.0/gems/actionpack-4.2.4/lib/action_dispatch/middleware/templates/rescues/diagnostics.html.erb within rescues/layout (19.7ms)
  Rendered /Users/jurajcech/.rbenv/versions/2.1.2/lib/ruby/gems/2.1.0/gems/web-console-2.2.1/lib/web_console/templates/_markup.html.erb (0.2ms)
  Rendered /Users/jurajcech/.rbenv/versions/2.1.2/lib/ruby/gems/2.1.0/gems/web-console-2.2.1/lib/web_console/templates/_inner_console_markup.html.erb within layouts/inlined_string (0.4ms)
  Rendered /Users/jurajcech/.rbenv/versions/2.1.2/lib/ruby/gems/2.1.0/gems/web-console-2.2.1/lib/web_console/templates/_prompt_box_markup.html.erb within layouts/inlined_string (0.3ms)
  Rendered /Users/jurajcech/.rbenv/versions/2.1.2/lib/ruby/gems/2.1.0/gems/web-console-2.2.1/lib/web_console/templates/style.css.erb within layouts/inlined_string (0.3ms)
  Rendered /Users/jurajcech/.rbenv/versions/2.1.2/lib/ruby/gems/2.1.0/gems/web-console-2.2.1/lib/web_console/templates/console.js.erb within layouts/javascript (15.2ms)
  Rendered /Users/jurajcech/.rbenv/versions/2.1.2/lib/ruby/gems/2.1.0/gems/web-console-2.2.1/lib/web_console/templates/main.js.erb within layouts/javascript (0.5ms)
  Rendered /Users/jurajcech/.rbenv/versions/2.1.2/lib/ruby/gems/2.1.0/gems/web-console-2.2.1/lib/web_console/templates/error_page.js.erb within layouts/javascript (0.4ms)
  Rendered /Users/jurajcech/.rbenv/versions/2.1.2/lib/ruby/gems/2.1.0/gems/web-console-2.2.1/lib/web_console/templates/index.html.erb (32.1ms)


Started GET "/session/new" for ::1 at 2015-12-15 11:21:58 -0800
Processing by SessionsController#new as HTML
  Rendered shared/_errors.html.erb (0.1ms)
  Rendered sessions/new.html.erb within layouts/application (1.5ms)
Completed 200 OK in 31ms (Views: 30.7ms | ActiveRecord: 0.0ms)


Started GET "/assets/users.self-e3b0c44298fc1c149afbf4c8996fb92427ae41e4649b934ca495991b7852b855.css?body=1" for ::1 at 2015-12-15 11:21:58 -0800


Started GET "/assets/application.self-e80e8f2318043e8af94dddc2adad5a4f09739a8ebb323b3ab31cd71d45fd9113.css?body=1" for ::1 at 2015-12-15 11:21:58 -0800


Started GET "/assets/users.self-877aef30ae1b040ab8a3aba4e3e309a11d7f2612f44dde450b5c157aa5f95c05.js?body=1" for ::1 at 2015-12-15 11:21:58 -0800


Started GET "/assets/jquery.self-a714331225dda820228db323939889f149aec0127aeb06255646b616ba1ca419.js?body=1" for ::1 at 2015-12-15 11:21:58 -0800


Started GET "/assets/turbolinks.self-c37727e9bd6b2735da5c311aa83fead54ed0be6cc8bd9a65309e9c5abe2cbfff.js?body=1" for ::1 at 2015-12-15 11:21:58 -0800


Started GET "/assets/jquery_ujs.self-d456baa54c1fa6be2ec3711f0a72ddf7a5b2f34a6b4f515f33767d6207b7d4b3.js?body=1" for ::1 at 2015-12-15 11:21:58 -0800


Started GET "/assets/sessions.self-e3b0c44298fc1c149afbf4c8996fb92427ae41e4649b934ca495991b7852b855.css?body=1" for ::1 at 2015-12-15 11:21:58 -0800


Started GET "/assets/application.self-3b8dabdc891efe46b9a144b400ad69e37d7e5876bdc39dee783419a69d7ca819.js?body=1" for ::1 at 2015-12-15 11:21:58 -0800


Started GET "/assets/sessions.self-877aef30ae1b040ab8a3aba4e3e309a11d7f2612f44dde450b5c157aa5f95c05.js?body=1" for ::1 at 2015-12-15 11:21:58 -0800


Started GET "/users/new" for ::1 at 2015-12-15 11:22:01 -0800
Processing by UsersController#new as HTML
  Rendered shared/_errors.html.erb (0.4ms)
  Rendered users/new.html.erb within layouts/application (2.0ms)
Completed 200 OK in 71ms (Views: 69.6ms | ActiveRecord: 0.0ms)


Started GET "/session/new" for ::1 at 2015-12-15 11:22:02 -0800
Processing by SessionsController#new as HTML
  Rendered shared/_errors.html.erb (0.1ms)
  Rendered sessions/new.html.erb within layouts/application (1.3ms)
Completed 200 OK in 33ms (Views: 32.1ms | ActiveRecord: 0.0ms)


Started GET "/users/new" for ::1 at 2015-12-15 11:22:03 -0800
Processing by UsersController#new as HTML
  Rendered shared/_errors.html.erb (0.1ms)
  Rendered users/new.html.erb within layouts/application (1.8ms)
Completed 200 OK in 31ms (Views: 30.4ms | ActiveRecord: 0.0ms)


Started GET "/session/new" for ::1 at 2015-12-15 11:22:04 -0800
Processing by SessionsController#new as HTML
  Rendered shared/_errors.html.erb (0.1ms)
  Rendered sessions/new.html.erb within layouts/application (1.0ms)
Completed 200 OK in 29ms (Views: 27.3ms | ActiveRecord: 0.0ms)


Started GET "/users/new" for ::1 at 2015-12-15 11:22:48 -0800
Processing by UsersController#new as HTML
  Rendered shared/_errors.html.erb (0.1ms)
  Rendered users/new.html.erb within layouts/application (1.6ms)
Completed 200 OK in 32ms (Views: 30.8ms | ActiveRecord: 0.0ms)


Started GET "/session/new" for ::1 at 2015-12-15 11:22:49 -0800
Processing by SessionsController#new as HTML
  Rendered shared/_errors.html.erb (0.1ms)
  Rendered sessions/new.html.erb within layouts/application (1.4ms)
Completed 200 OK in 29ms (Views: 28.0ms | ActiveRecord: 0.0ms)


Started GET "/users/new" for ::1 at 2015-12-15 11:22:50 -0800
Processing by UsersController#new as HTML
  Rendered shared/_errors.html.erb (0.2ms)
  Rendered users/new.html.erb within layouts/application (2.5ms)
Completed 200 OK in 29ms (Views: 28.0ms | ActiveRecord: 0.0ms)


Started GET "/session/new" for ::1 at 2015-12-15 11:22:51 -0800
Processing by SessionsController#new as HTML
  Rendered shared/_errors.html.erb (0.1ms)
  Rendered sessions/new.html.erb within layouts/application (2.3ms)
Completed 200 OK in 30ms (Views: 29.3ms | ActiveRecord: 0.0ms)


Started GET "/users/new" for ::1 at 2015-12-15 11:22:52 -0800
Processing by UsersController#new as HTML
  Rendered shared/_errors.html.erb (0.1ms)
  Rendered users/new.html.erb within layouts/application (1.7ms)
Completed 200 OK in 32ms (Views: 31.0ms | ActiveRecord: 0.0ms)


Started GET "/session/new" for ::1 at 2015-12-15 11:22:53 -0800
Processing by SessionsController#new as HTML
  Rendered shared/_errors.html.erb (0.1ms)
  Rendered sessions/new.html.erb within layouts/application (1.1ms)
Completed 200 OK in 32ms (Views: 30.8ms | ActiveRecord: 0.0ms)


Started GET "/users/new" for ::1 at 2015-12-15 11:22:56 -0800
Processing by UsersController#new as HTML
  Rendered shared/_errors.html.erb (0.1ms)
  Rendered users/new.html.erb within layouts/application (1.0ms)
Completed 200 OK in 30ms (Views: 28.3ms | ActiveRecord: 0.0ms)


Started GET "/" for ::1 at 2015-12-15 11:23:06 -0800
Processing by UsersController#new as HTML
  Rendered shared/_errors.html.erb (0.1ms)
  Rendered users/new.html.erb within layouts/application (1.5ms)
Completed 200 OK in 62ms (Views: 47.2ms | ActiveRecord: 0.0ms)


Started GET "/session/new" for ::1 at 2015-12-15 11:23:20 -0800
Processing by SessionsController#new as HTML
  Rendered shared/_errors.html.erb (0.1ms)
  Rendered sessions/new.html.erb within layouts/application (1.0ms)
Completed 200 OK in 29ms (Views: 27.4ms | ActiveRecord: 0.0ms)


Started GET "/users/new" for ::1 at 2015-12-15 11:23:21 -0800
Processing by UsersController#new as HTML
  Rendered shared/_errors.html.erb (0.1ms)
  Rendered users/new.html.erb within layouts/application (1.5ms)
Completed 200 OK in 41ms (Views: 39.6ms | ActiveRecord: 0.0ms)


Started POST "/users" for ::1 at 2015-12-15 11:24:34 -0800
Processing by UsersController#create as HTML
  Parameters: {"authenticity_token"=>"p6vj2xOI3BPhAI/gn3yaDGZtFwMTe24LKhjsZ4zeI4Z8ZMvXSfyuaoohVq2+wvrYwB6wye9H88q4IleRtyTEyg==", "user"=>{"username"=>"Juraj", "password"=>"[FILTERED]"}}
Completed 500 Internal Server Error in 3ms (ActiveRecord: 0.0ms)

NameError (uninitialized constant User::BCrypt):
  app/models/user.rb:23:in `password='
  app/controllers/users_controller.rb:4:in `create'


  Rendered /Users/jurajcech/.rbenv/versions/2.1.2/lib/ruby/gems/2.1.0/gems/actionpack-4.2.4/lib/action_dispatch/middleware/templates/rescues/_source.erb (3.4ms)
  Rendered /Users/jurajcech/.rbenv/versions/2.1.2/lib/ruby/gems/2.1.0/gems/actionpack-4.2.4/lib/action_dispatch/middleware/templates/rescues/_trace.html.erb (1.7ms)
  Rendered /Users/jurajcech/.rbenv/versions/2.1.2/lib/ruby/gems/2.1.0/gems/actionpack-4.2.4/lib/action_dispatch/middleware/templates/rescues/_request_and_response.html.erb (0.8ms)
  Rendered /Users/jurajcech/.rbenv/versions/2.1.2/lib/ruby/gems/2.1.0/gems/actionpack-4.2.4/lib/action_dispatch/middleware/templates/rescues/diagnostics.html.erb within rescues/layout (15.8ms)
  Rendered /Users/jurajcech/.rbenv/versions/2.1.2/lib/ruby/gems/2.1.0/gems/web-console-2.2.1/lib/web_console/templates/_markup.html.erb (0.2ms)
  Rendered /Users/jurajcech/.rbenv/versions/2.1.2/lib/ruby/gems/2.1.0/gems/web-console-2.2.1/lib/web_console/templates/_inner_console_markup.html.erb within layouts/inlined_string (0.3ms)
  Rendered /Users/jurajcech/.rbenv/versions/2.1.2/lib/ruby/gems/2.1.0/gems/web-console-2.2.1/lib/web_console/templates/_prompt_box_markup.html.erb within layouts/inlined_string (0.2ms)
  Rendered /Users/jurajcech/.rbenv/versions/2.1.2/lib/ruby/gems/2.1.0/gems/web-console-2.2.1/lib/web_console/templates/style.css.erb within layouts/inlined_string (0.2ms)
  Rendered /Users/jurajcech/.rbenv/versions/2.1.2/lib/ruby/gems/2.1.0/gems/web-console-2.2.1/lib/web_console/templates/console.js.erb within layouts/javascript (12.3ms)
  Rendered /Users/jurajcech/.rbenv/versions/2.1.2/lib/ruby/gems/2.1.0/gems/web-console-2.2.1/lib/web_console/templates/main.js.erb within layouts/javascript (0.2ms)
  Rendered /Users/jurajcech/.rbenv/versions/2.1.2/lib/ruby/gems/2.1.0/gems/web-console-2.2.1/lib/web_console/templates/error_page.js.erb within layouts/javascript (0.3ms)
  Rendered /Users/jurajcech/.rbenv/versions/2.1.2/lib/ruby/gems/2.1.0/gems/web-console-2.2.1/lib/web_console/templates/index.html.erb (26.1ms)


Started GET "/" for ::1 at 2015-12-15 11:25:28 -0800
Processing by UsersController#new as HTML
  Rendered shared/_errors.html.erb (0.1ms)
  Rendered users/new.html.erb within layouts/application (0.9ms)
Completed 200 OK in 34ms (Views: 25.6ms | ActiveRecord: 2.1ms)


Started POST "/users" for ::1 at 2015-12-15 11:25:46 -0800
Processing by UsersController#create as HTML
  Parameters: {"authenticity_token"=>"NYPi9MFW1yWBQBhJ/qr6l9phMbEd+BWIwE/wL+h/1VPuTMr4myKlXOphwQTfFJpDfBKWe+HEiElSdUvZ04UyHw==", "user"=>{"username"=>"Juraj", "password"=>"[FILTERED]"}}
Completed 500 Internal Server Error in 2ms (ActiveRecord: 0.0ms)

NameError (uninitialized constant User::BCrypt):
  app/models/user.rb:23:in `password='
  app/controllers/users_controller.rb:4:in `create'


  Rendered /Users/jurajcech/.rbenv/versions/2.1.2/lib/ruby/gems/2.1.0/gems/actionpack-4.2.4/lib/action_dispatch/middleware/templates/rescues/_source.erb (4.3ms)
  Rendered /Users/jurajcech/.rbenv/versions/2.1.2/lib/ruby/gems/2.1.0/gems/actionpack-4.2.4/lib/action_dispatch/middleware/templates/rescues/_trace.html.erb (1.7ms)
  Rendered /Users/jurajcech/.rbenv/versions/2.1.2/lib/ruby/gems/2.1.0/gems/actionpack-4.2.4/lib/action_dispatch/middleware/templates/rescues/_request_and_response.html.erb (0.8ms)
  Rendered /Users/jurajcech/.rbenv/versions/2.1.2/lib/ruby/gems/2.1.0/gems/actionpack-4.2.4/lib/action_dispatch/middleware/templates/rescues/diagnostics.html.erb within rescues/layout (17.5ms)
  Rendered /Users/jurajcech/.rbenv/versions/2.1.2/lib/ruby/gems/2.1.0/gems/web-console-2.2.1/lib/web_console/templates/_markup.html.erb (0.3ms)
  Rendered /Users/jurajcech/.rbenv/versions/2.1.2/lib/ruby/gems/2.1.0/gems/web-console-2.2.1/lib/web_console/templates/_inner_console_markup.html.erb within layouts/inlined_string (0.3ms)
  Rendered /Users/jurajcech/.rbenv/versions/2.1.2/lib/ruby/gems/2.1.0/gems/web-console-2.2.1/lib/web_console/templates/_prompt_box_markup.html.erb within layouts/inlined_string (0.2ms)
  Rendered /Users/jurajcech/.rbenv/versions/2.1.2/lib/ruby/gems/2.1.0/gems/web-console-2.2.1/lib/web_console/templates/style.css.erb within layouts/inlined_string (0.3ms)
  Rendered /Users/jurajcech/.rbenv/versions/2.1.2/lib/ruby/gems/2.1.0/gems/web-console-2.2.1/lib/web_console/templates/console.js.erb within layouts/javascript (13.8ms)
  Rendered /Users/jurajcech/.rbenv/versions/2.1.2/lib/ruby/gems/2.1.0/gems/web-console-2.2.1/lib/web_console/templates/main.js.erb within layouts/javascript (0.3ms)
  Rendered /Users/jurajcech/.rbenv/versions/2.1.2/lib/ruby/gems/2.1.0/gems/web-console-2.2.1/lib/web_console/templates/error_page.js.erb within layouts/javascript (0.4ms)
  Rendered /Users/jurajcech/.rbenv/versions/2.1.2/lib/ruby/gems/2.1.0/gems/web-console-2.2.1/lib/web_console/templates/index.html.erb (29.2ms)


Started GET "/" for ::1 at 2015-12-15 11:27:25 -0800
Processing by UsersController#new as HTML
  Rendered shared/_errors.html.erb (0.1ms)
  Rendered users/new.html.erb within layouts/application (2.4ms)
Completed 200 OK in 42ms (Views: 41.4ms | ActiveRecord: 0.0ms)


Started GET "/" for ::1 at 2015-12-15 11:27:29 -0800
Processing by UsersController#new as HTML
  Rendered shared/_errors.html.erb (0.2ms)
  Rendered users/new.html.erb within layouts/application (1.3ms)
Completed 200 OK in 37ms (Views: 35.2ms | ActiveRecord: 0.0ms)


Started GET "/assets/sessions.self-e3b0c44298fc1c149afbf4c8996fb92427ae41e4649b934ca495991b7852b855.css?body=1" for ::1 at 2015-12-15 11:27:29 -0800


Started GET "/assets/users.self-e3b0c44298fc1c149afbf4c8996fb92427ae41e4649b934ca495991b7852b855.css?body=1" for ::1 at 2015-12-15 11:27:29 -0800


Started GET "/assets/application.self-e80e8f2318043e8af94dddc2adad5a4f09739a8ebb323b3ab31cd71d45fd9113.css?body=1" for ::1 at 2015-12-15 11:27:29 -0800


Started GET "/assets/jquery.self-a714331225dda820228db323939889f149aec0127aeb06255646b616ba1ca419.js?body=1" for ::1 at 2015-12-15 11:27:29 -0800


Started GET "/assets/jquery_ujs.self-d456baa54c1fa6be2ec3711f0a72ddf7a5b2f34a6b4f515f33767d6207b7d4b3.js?body=1" for ::1 at 2015-12-15 11:27:29 -0800


Started GET "/assets/turbolinks.self-c37727e9bd6b2735da5c311aa83fead54ed0be6cc8bd9a65309e9c5abe2cbfff.js?body=1" for ::1 at 2015-12-15 11:27:29 -0800


Started GET "/assets/users.self-877aef30ae1b040ab8a3aba4e3e309a11d7f2612f44dde450b5c157aa5f95c05.js?body=1" for ::1 at 2015-12-15 11:27:29 -0800


Started GET "/assets/application.self-3b8dabdc891efe46b9a144b400ad69e37d7e5876bdc39dee783419a69d7ca819.js?body=1" for ::1 at 2015-12-15 11:27:29 -0800


Started GET "/assets/sessions.self-877aef30ae1b040ab8a3aba4e3e309a11d7f2612f44dde450b5c157aa5f95c05.js?body=1" for ::1 at 2015-12-15 11:27:29 -0800


Started POST "/users" for ::1 at 2015-12-15 11:27:40 -0800
Processing by UsersController#create as HTML
  Parameters: {"authenticity_token"=>"Tt92uF3XpXBfsTYAVcIbPppmF2nb6luxX/0Tz85RujeVEF60B6PXCTSQ7010fHvqPBWwoyfWxnDNx6g59atdew==", "user"=>{"username"=>"Juraj", "password"=>"[FILTERED]"}}
Completed 500 Internal Server Error in 3ms (ActiveRecord: 0.0ms)

NameError (uninitialized constant User::BCrypt):
  app/models/user.rb:23:in `password='
  app/controllers/users_controller.rb:4:in `create'


  Rendered /Users/jurajcech/.rbenv/versions/2.1.2/lib/ruby/gems/2.1.0/gems/actionpack-4.2.4/lib/action_dispatch/middleware/templates/rescues/_source.erb (5.0ms)
  Rendered /Users/jurajcech/.rbenv/versions/2.1.2/lib/ruby/gems/2.1.0/gems/actionpack-4.2.4/lib/action_dispatch/middleware/templates/rescues/_trace.html.erb (3.1ms)
  Rendered /Users/jurajcech/.rbenv/versions/2.1.2/lib/ruby/gems/2.1.0/gems/actionpack-4.2.4/lib/action_dispatch/middleware/templates/rescues/_request_and_response.html.erb (1.3ms)
  Rendered /Users/jurajcech/.rbenv/versions/2.1.2/lib/ruby/gems/2.1.0/gems/actionpack-4.2.4/lib/action_dispatch/middleware/templates/rescues/diagnostics.html.erb within rescues/layout (22.1ms)
  Rendered /Users/jurajcech/.rbenv/versions/2.1.2/lib/ruby/gems/2.1.0/gems/web-console-2.2.1/lib/web_console/templates/_markup.html.erb (0.3ms)
  Rendered /Users/jurajcech/.rbenv/versions/2.1.2/lib/ruby/gems/2.1.0/gems/web-console-2.2.1/lib/web_console/templates/_inner_console_markup.html.erb within layouts/inlined_string (0.3ms)
  Rendered /Users/jurajcech/.rbenv/versions/2.1.2/lib/ruby/gems/2.1.0/gems/web-console-2.2.1/lib/web_console/templates/_prompt_box_markup.html.erb within layouts/inlined_string (0.3ms)
  Rendered /Users/jurajcech/.rbenv/versions/2.1.2/lib/ruby/gems/2.1.0/gems/web-console-2.2.1/lib/web_console/templates/style.css.erb within layouts/inlined_string (0.5ms)
  Rendered /Users/jurajcech/.rbenv/versions/2.1.2/lib/ruby/gems/2.1.0/gems/web-console-2.2.1/lib/web_console/templates/console.js.erb within layouts/javascript (15.6ms)
  Rendered /Users/jurajcech/.rbenv/versions/2.1.2/lib/ruby/gems/2.1.0/gems/web-console-2.2.1/lib/web_console/templates/main.js.erb within layouts/javascript (0.3ms)
  Rendered /Users/jurajcech/.rbenv/versions/2.1.2/lib/ruby/gems/2.1.0/gems/web-console-2.2.1/lib/web_console/templates/error_page.js.erb within layouts/javascript (0.4ms)
  Rendered /Users/jurajcech/.rbenv/versions/2.1.2/lib/ruby/gems/2.1.0/gems/web-console-2.2.1/lib/web_console/templates/index.html.erb (33.8ms)


Started POST "/users" for ::1 at 2015-12-15 11:34:49 -0800
Processing by UsersController#create as HTML
  Parameters: {"authenticity_token"=>"Tt92uF3XpXBfsTYAVcIbPppmF2nb6luxX/0Tz85RujeVEF60B6PXCTSQ7010fHvqPBWwoyfWxnDNx6g59atdew==", "user"=>{"username"=>"Juraj", "password"=>"[FILTERED]"}}
Completed 500 Internal Server Error in 8ms (ActiveRecord: 1.9ms)

NameError (uninitialized constant User::BCrypt):
  app/models/user.rb:23:in `password='
  app/controllers/users_controller.rb:4:in `create'


  Rendered /Users/jurajcech/.rbenv/versions/2.1.2/lib/ruby/gems/2.1.0/gems/actionpack-4.2.4/lib/action_dispatch/middleware/templates/rescues/_source.erb (4.9ms)
  Rendered /Users/jurajcech/.rbenv/versions/2.1.2/lib/ruby/gems/2.1.0/gems/actionpack-4.2.4/lib/action_dispatch/middleware/templates/rescues/_trace.html.erb (2.9ms)
  Rendered /Users/jurajcech/.rbenv/versions/2.1.2/lib/ruby/gems/2.1.0/gems/actionpack-4.2.4/lib/action_dispatch/middleware/templates/rescues/_request_and_response.html.erb (1.2ms)
  Rendered /Users/jurajcech/.rbenv/versions/2.1.2/lib/ruby/gems/2.1.0/gems/actionpack-4.2.4/lib/action_dispatch/middleware/templates/rescues/diagnostics.html.erb within rescues/layout (21.1ms)
  Rendered /Users/jurajcech/.rbenv/versions/2.1.2/lib/ruby/gems/2.1.0/gems/web-console-2.2.1/lib/web_console/templates/_markup.html.erb (0.5ms)
  Rendered /Users/jurajcech/.rbenv/versions/2.1.2/lib/ruby/gems/2.1.0/gems/web-console-2.2.1/lib/web_console/templates/_inner_console_markup.html.erb within layouts/inlined_string (0.4ms)
  Rendered /Users/jurajcech/.rbenv/versions/2.1.2/lib/ruby/gems/2.1.0/gems/web-console-2.2.1/lib/web_console/templates/_prompt_box_markup.html.erb within layouts/inlined_string (0.3ms)
  Rendered /Users/jurajcech/.rbenv/versions/2.1.2/lib/ruby/gems/2.1.0/gems/web-console-2.2.1/lib/web_console/templates/style.css.erb within layouts/inlined_string (0.4ms)
  Rendered /Users/jurajcech/.rbenv/versions/2.1.2/lib/ruby/gems/2.1.0/gems/web-console-2.2.1/lib/web_console/templates/console.js.erb within layouts/javascript (16.3ms)
  Rendered /Users/jurajcech/.rbenv/versions/2.1.2/lib/ruby/gems/2.1.0/gems/web-console-2.2.1/lib/web_console/templates/main.js.erb within layouts/javascript (0.6ms)
  Rendered /Users/jurajcech/.rbenv/versions/2.1.2/lib/ruby/gems/2.1.0/gems/web-console-2.2.1/lib/web_console/templates/error_page.js.erb within layouts/javascript (0.4ms)
  Rendered /Users/jurajcech/.rbenv/versions/2.1.2/lib/ruby/gems/2.1.0/gems/web-console-2.2.1/lib/web_console/templates/index.html.erb (37.4ms)


Started GET "/users/new" for ::1 at 2015-12-15 11:34:52 -0800
Processing by UsersController#new as HTML
  Rendered shared/_errors.html.erb (0.1ms)
  Rendered users/new.html.erb within layouts/application (1.2ms)
Completed 200 OK in 38ms (Views: 36.8ms | ActiveRecord: 0.0ms)


Started POST "/users" for ::1 at 2015-12-15 11:34:56 -0800
Processing by UsersController#create as HTML
  Parameters: {"authenticity_token"=>"V9qsPcr1YeNC//4RIyBOFkIIWThcPTRd/lTgu78A0wGMFYQxkIETmineJ1wCni7C5Hv+8qABqZxsbltNhPo0TQ==", "user"=>{"username"=>"edfs", "password"=>"[FILTERED]"}}
Completed 500 Internal Server Error in 4ms (ActiveRecord: 0.0ms)

NameError (uninitialized constant User::BCrypt):
  app/models/user.rb:23:in `password='
  app/controllers/users_controller.rb:4:in `create'


  Rendered /Users/jurajcech/.rbenv/versions/2.1.2/lib/ruby/gems/2.1.0/gems/actionpack-4.2.4/lib/action_dispatch/middleware/templates/rescues/_source.erb (3.9ms)
  Rendered /Users/jurajcech/.rbenv/versions/2.1.2/lib/ruby/gems/2.1.0/gems/actionpack-4.2.4/lib/action_dispatch/middleware/templates/rescues/_trace.html.erb (1.9ms)
  Rendered /Users/jurajcech/.rbenv/versions/2.1.2/lib/ruby/gems/2.1.0/gems/actionpack-4.2.4/lib/action_dispatch/middleware/templates/rescues/_request_and_response.html.erb (0.8ms)
  Rendered /Users/jurajcech/.rbenv/versions/2.1.2/lib/ruby/gems/2.1.0/gems/actionpack-4.2.4/lib/action_dispatch/middleware/templates/rescues/diagnostics.html.erb within rescues/layout (16.8ms)
  Rendered /Users/jurajcech/.rbenv/versions/2.1.2/lib/ruby/gems/2.1.0/gems/web-console-2.2.1/lib/web_console/templates/_markup.html.erb (0.3ms)
  Rendered /Users/jurajcech/.rbenv/versions/2.1.2/lib/ruby/gems/2.1.0/gems/web-console-2.2.1/lib/web_console/templates/_inner_console_markup.html.erb within layouts/inlined_string (0.5ms)
  Rendered /Users/jurajcech/.rbenv/versions/2.1.2/lib/ruby/gems/2.1.0/gems/web-console-2.2.1/lib/web_console/templates/_prompt_box_markup.html.erb within layouts/inlined_string (0.3ms)
  Rendered /Users/jurajcech/.rbenv/versions/2.1.2/lib/ruby/gems/2.1.0/gems/web-console-2.2.1/lib/web_console/templates/style.css.erb within layouts/inlined_string (0.4ms)
  Rendered /Users/jurajcech/.rbenv/versions/2.1.2/lib/ruby/gems/2.1.0/gems/web-console-2.2.1/lib/web_console/templates/console.js.erb within layouts/javascript (16.0ms)
  Rendered /Users/jurajcech/.rbenv/versions/2.1.2/lib/ruby/gems/2.1.0/gems/web-console-2.2.1/lib/web_console/templates/main.js.erb within layouts/javascript (0.3ms)
  Rendered /Users/jurajcech/.rbenv/versions/2.1.2/lib/ruby/gems/2.1.0/gems/web-console-2.2.1/lib/web_console/templates/error_page.js.erb within layouts/javascript (0.4ms)
  Rendered /Users/jurajcech/.rbenv/versions/2.1.2/lib/ruby/gems/2.1.0/gems/web-console-2.2.1/lib/web_console/templates/index.html.erb (30.3ms)


Started PUT "/console/repl_sessions/6bb1d93c221f33706b81d10fbf3b0601" for ::1 at 2015-12-15 11:36:22 -0800


Started PUT "/console/repl_sessions/6bb1d93c221f33706b81d10fbf3b0601" for ::1 at 2015-12-15 11:36:28 -0800


Started GET "/users/new" for ::1 at 2015-12-15 11:37:02 -0800
Processing by UsersController#new as HTML
  Rendered shared/_errors.html.erb (0.1ms)
  Rendered users/new.html.erb within layouts/application (0.9ms)
Completed 200 OK in 39ms (Views: 31.1ms | ActiveRecord: 1.9ms)


Started GET "/users/new" for ::1 at 2015-12-15 11:37:03 -0800
Processing by UsersController#new as HTML
  Rendered shared/_errors.html.erb (0.1ms)
  Rendered users/new.html.erb within layouts/application (1.3ms)
Completed 200 OK in 41ms (Views: 40.4ms | ActiveRecord: 0.0ms)


Started GET "/assets/users.self-877aef30ae1b040ab8a3aba4e3e309a11d7f2612f44dde450b5c157aa5f95c05.js?body=1" for ::1 at 2015-12-15 11:37:03 -0800


Started GET "/assets/application.self-e80e8f2318043e8af94dddc2adad5a4f09739a8ebb323b3ab31cd71d45fd9113.css?body=1" for ::1 at 2015-12-15 11:37:03 -0800


Started GET "/assets/jquery.self-a714331225dda820228db323939889f149aec0127aeb06255646b616ba1ca419.js?body=1" for ::1 at 2015-12-15 11:37:03 -0800


Started GET "/assets/users.self-e3b0c44298fc1c149afbf4c8996fb92427ae41e4649b934ca495991b7852b855.css?body=1" for ::1 at 2015-12-15 11:37:03 -0800


Started GET "/assets/turbolinks.self-c37727e9bd6b2735da5c311aa83fead54ed0be6cc8bd9a65309e9c5abe2cbfff.js?body=1" for ::1 at 2015-12-15 11:37:03 -0800


Started GET "/assets/jquery_ujs.self-d456baa54c1fa6be2ec3711f0a72ddf7a5b2f34a6b4f515f33767d6207b7d4b3.js?body=1" for ::1 at 2015-12-15 11:37:03 -0800


Started GET "/assets/sessions.self-e3b0c44298fc1c149afbf4c8996fb92427ae41e4649b934ca495991b7852b855.css?body=1" for ::1 at 2015-12-15 11:37:03 -0800


Started GET "/assets/application.self-3b8dabdc891efe46b9a144b400ad69e37d7e5876bdc39dee783419a69d7ca819.js?body=1" for ::1 at 2015-12-15 11:37:03 -0800


Started GET "/assets/sessions.self-877aef30ae1b040ab8a3aba4e3e309a11d7f2612f44dde450b5c157aa5f95c05.js?body=1" for ::1 at 2015-12-15 11:37:03 -0800


Started POST "/users" for ::1 at 2015-12-15 11:37:06 -0800
Processing by UsersController#create as HTML
  Parameters: {"authenticity_token"=>"k3o09uJikPzUSchRyiuyDhDWz4mVUopB2FZtj0FngtxItRz6uBbihb9oERzrldLatqVoQ2luF4BKbNZ5ep1lkA==", "user"=>{"username"=>"sdfsdf", "password"=>"[FILTERED]"}}


Started GET "/users" for ::1 at 2015-12-15 11:39:23 -0800
  [1m[36mActiveRecord::SchemaMigration Load (0.6ms)[0m  [1mSELECT "schema_migrations".* FROM "schema_migrations"[0m

ActionController::RoutingError (No route matches [GET] "/users"):
  actionpack (4.2.4) lib/action_dispatch/middleware/debug_exceptions.rb:21:in `call'
  web-console (2.2.1) lib/web_console/middleware.rb:39:in `call'
  actionpack (4.2.4) lib/action_dispatch/middleware/show_exceptions.rb:30:in `call'
  railties (4.2.4) lib/rails/rack/logger.rb:38:in `call_app'
  railties (4.2.4) lib/rails/rack/logger.rb:20:in `block in call'
  activesupport (4.2.4) lib/active_support/tagged_logging.rb:68:in `block in tagged'
  activesupport (4.2.4) lib/active_support/tagged_logging.rb:26:in `tagged'
  activesupport (4.2.4) lib/active_support/tagged_logging.rb:68:in `tagged'
  railties (4.2.4) lib/rails/rack/logger.rb:20:in `call'
  actionpack (4.2.4) lib/action_dispatch/middleware/request_id.rb:21:in `call'
  rack (1.6.4) lib/rack/methodoverride.rb:22:in `call'
  rack (1.6.4) lib/rack/runtime.rb:18:in `call'
  activesupport (4.2.4) lib/active_support/cache/strategy/local_cache_middleware.rb:28:in `call'
  rack (1.6.4) lib/rack/lock.rb:17:in `call'
  actionpack (4.2.4) lib/action_dispatch/middleware/static.rb:116:in `call'
  rack (1.6.4) lib/rack/sendfile.rb:113:in `call'
  railties (4.2.4) lib/rails/engine.rb:518:in `call'
  railties (4.2.4) lib/rails/application.rb:165:in `call'
  rack (1.6.4) lib/rack/lock.rb:17:in `call'
  rack (1.6.4) lib/rack/content_length.rb:15:in `call'
  rack (1.6.4) lib/rack/handler/webrick.rb:88:in `service'
  /Users/jurajcech/.rbenv/versions/2.1.2/lib/ruby/2.1.0/webrick/httpserver.rb:138:in `service'
  /Users/jurajcech/.rbenv/versions/2.1.2/lib/ruby/2.1.0/webrick/httpserver.rb:94:in `run'
  /Users/jurajcech/.rbenv/versions/2.1.2/lib/ruby/2.1.0/webrick/server.rb:295:in `block in start_thread'


  Rendered /Users/jurajcech/.rbenv/versions/2.1.2/lib/ruby/gems/2.1.0/gems/actionpack-4.2.4/lib/action_dispatch/middleware/templates/rescues/_trace.html.erb (1.5ms)
  Rendered /Users/jurajcech/.rbenv/versions/2.1.2/lib/ruby/gems/2.1.0/gems/actionpack-4.2.4/lib/action_dispatch/middleware/templates/routes/_route.html.erb (0.9ms)
  Rendered /Users/jurajcech/.rbenv/versions/2.1.2/lib/ruby/gems/2.1.0/gems/actionpack-4.2.4/lib/action_dispatch/middleware/templates/routes/_table.html.erb (9.9ms)
  Rendered /Users/jurajcech/.rbenv/versions/2.1.2/lib/ruby/gems/2.1.0/gems/actionpack-4.2.4/lib/action_dispatch/middleware/templates/rescues/_request_and_response.html.erb (10.6ms)
  Rendered /Users/jurajcech/.rbenv/versions/2.1.2/lib/ruby/gems/2.1.0/gems/actionpack-4.2.4/lib/action_dispatch/middleware/templates/rescues/routing_error.html.erb within rescues/layout (48.1ms)
  Rendered /Users/jurajcech/.rbenv/versions/2.1.2/lib/ruby/gems/2.1.0/gems/web-console-2.2.1/lib/web_console/templates/_markup.html.erb (0.4ms)
  Rendered /Users/jurajcech/.rbenv/versions/2.1.2/lib/ruby/gems/2.1.0/gems/web-console-2.2.1/lib/web_console/templates/_inner_console_markup.html.erb within layouts/inlined_string (0.4ms)
  Rendered /Users/jurajcech/.rbenv/versions/2.1.2/lib/ruby/gems/2.1.0/gems/web-console-2.2.1/lib/web_console/templates/_prompt_box_markup.html.erb within layouts/inlined_string (0.3ms)
  Rendered /Users/jurajcech/.rbenv/versions/2.1.2/lib/ruby/gems/2.1.0/gems/web-console-2.2.1/lib/web_console/templates/style.css.erb within layouts/inlined_string (0.3ms)
  Rendered /Users/jurajcech/.rbenv/versions/2.1.2/lib/ruby/gems/2.1.0/gems/web-console-2.2.1/lib/web_console/templates/console.js.erb within layouts/javascript (19.0ms)
  Rendered /Users/jurajcech/.rbenv/versions/2.1.2/lib/ruby/gems/2.1.0/gems/web-console-2.2.1/lib/web_console/templates/main.js.erb within layouts/javascript (0.4ms)
  Rendered /Users/jurajcech/.rbenv/versions/2.1.2/lib/ruby/gems/2.1.0/gems/web-console-2.2.1/lib/web_console/templates/error_page.js.erb within layouts/javascript (0.4ms)
  Rendered /Users/jurajcech/.rbenv/versions/2.1.2/lib/ruby/gems/2.1.0/gems/web-console-2.2.1/lib/web_console/templates/index.html.erb (41.0ms)


Started GET "/users/new" for ::1 at 2015-12-15 11:39:26 -0800
Processing by UsersController#new as HTML
  Rendered shared/_errors.html.erb (0.6ms)
  Rendered users/new.html.erb within layouts/application (4.3ms)
Completed 200 OK in 214ms (Views: 197.4ms | ActiveRecord: 5.9ms)


Started GET "/users/new" for ::1 at 2015-12-15 11:39:27 -0800
Processing by UsersController#new as HTML
  Rendered shared/_errors.html.erb (0.1ms)
  Rendered users/new.html.erb within layouts/application (1.0ms)
Completed 200 OK in 39ms (Views: 37.2ms | ActiveRecord: 0.0ms)


Started GET "/assets/sessions.self-e3b0c44298fc1c149afbf4c8996fb92427ae41e4649b934ca495991b7852b855.css?body=1" for ::1 at 2015-12-15 11:39:27 -0800


Started GET "/assets/users.self-e3b0c44298fc1c149afbf4c8996fb92427ae41e4649b934ca495991b7852b855.css?body=1" for ::1 at 2015-12-15 11:39:27 -0800


Started GET "/assets/jquery.self-a714331225dda820228db323939889f149aec0127aeb06255646b616ba1ca419.js?body=1" for ::1 at 2015-12-15 11:39:27 -0800


Started GET "/assets/jquery_ujs.self-d456baa54c1fa6be2ec3711f0a72ddf7a5b2f34a6b4f515f33767d6207b7d4b3.js?body=1" for ::1 at 2015-12-15 11:39:27 -0800


Started GET "/assets/turbolinks.self-c37727e9bd6b2735da5c311aa83fead54ed0be6cc8bd9a65309e9c5abe2cbfff.js?body=1" for ::1 at 2015-12-15 11:39:27 -0800


Started GET "/assets/application.self-e80e8f2318043e8af94dddc2adad5a4f09739a8ebb323b3ab31cd71d45fd9113.css?body=1" for ::1 at 2015-12-15 11:39:27 -0800


Started GET "/assets/sessions.self-877aef30ae1b040ab8a3aba4e3e309a11d7f2612f44dde450b5c157aa5f95c05.js?body=1" for ::1 at 2015-12-15 11:39:27 -0800


Started GET "/assets/users.self-877aef30ae1b040ab8a3aba4e3e309a11d7f2612f44dde450b5c157aa5f95c05.js?body=1" for ::1 at 2015-12-15 11:39:27 -0800


Started GET "/assets/application.self-3b8dabdc891efe46b9a144b400ad69e37d7e5876bdc39dee783419a69d7ca819.js?body=1" for ::1 at 2015-12-15 11:39:27 -0800


Started POST "/users" for ::1 at 2015-12-15 11:39:31 -0800
Processing by UsersController#create as HTML
  Parameters: {"authenticity_token"=>"b+i4O/yoi0ynys5sRxEpYTh0+wj4P0fEVriuA+jnfYK0J5A3ptz5NczrFyFmr0m1ngdcwgQD2gXEghX10x2azg==", "user"=>{"username"=>"test", "password"=>"[FILTERED]"}}
  [1m[35m (2.9ms)[0m  BEGIN
  [1m[36mUser Exists (2.4ms)[0m  [1mSELECT  1 AS one FROM "users" WHERE "users"."session_token" = 'm6oVd4-Xmm_0RlyPBMdWyQ' LIMIT 1[0m
  [1m[35mUser Exists (0.4ms)[0m  SELECT  1 AS one FROM "users" WHERE "users"."username" = 'test' LIMIT 1
  [1m[36mSQL (1.2ms)[0m  [1mINSERT INTO "users" ("username", "password_digest", "session_token", "created_at", "updated_at") VALUES ($1, $2, $3, $4, $5) RETURNING "id"[0m  [["username", "test"], ["password_digest", "$2a$10$2zkJsBGwEGSXvx4KcAHfK.taP0oGAniA1Wx7WMLYIflBW4RkDsLdW"], ["session_token", "m6oVd4-Xmm_0RlyPBMdWyQ"], ["created_at", "2015-12-15 19:39:39.436408"], ["updated_at", "2015-12-15 19:39:39.436408"]]
  [1m[35m (0.4ms)[0m  COMMIT
  [1m[36m (0.1ms)[0m  [1mBEGIN[0m
  [1m[35mUser Exists (1.2ms)[0m  SELECT  1 AS one FROM "users" WHERE ("users"."session_token" = 'B_fFABpd6XS27tPMQ5LZLw' AND "users"."id" != 1) LIMIT 1
  [1m[36mUser Exists (0.4ms)[0m  [1mSELECT  1 AS one FROM "users" WHERE ("users"."username" = 'test' AND "users"."id" != 1) LIMIT 1[0m
  [1m[35mSQL (1.3ms)[0m  UPDATE "users" SET "session_token" = $1, "updated_at" = $2 WHERE "users"."id" = $3  [["session_token", "B_fFABpd6XS27tPMQ5LZLw"], ["updated_at", "2015-12-15 19:39:39.443869"], ["id", 1]]
  [1m[36m (0.9ms)[0m  [1mCOMMIT[0m
Redirected to http://localhost:3000/users/1
Completed 302 Found in 8318ms (ActiveRecord: 11.1ms)


Started POST "/users" for ::1 at 2015-12-15 11:39:39 -0800
Processing by UsersController#create as HTML
  Parameters: {"authenticity_token"=>"b+i4O/yoi0ynys5sRxEpYTh0+wj4P0fEVriuA+jnfYK0J5A3ptz5NczrFyFmr0m1ngdcwgQD2gXEghX10x2azg==", "user"=>{"username"=>"test", "password"=>"[FILTERED]"}}
  [1m[35m (0.3ms)[0m  BEGIN
  [1m[36mUser Exists (0.3ms)[0m  [1mSELECT  1 AS one FROM "users" WHERE "users"."session_token" = 'SWDU5smaKSfK3ETOszIIkg' LIMIT 1[0m
  [1m[35mUser Exists (0.3ms)[0m  SELECT  1 AS one FROM "users" WHERE "users"."username" = 'test' LIMIT 1
  [1m[36m (0.2ms)[0m  [1mROLLBACK[0m
  Rendered shared/_errors.html.erb (0.1ms)
  Rendered users/new.html.erb within layouts/application (1.3ms)
Completed 200 OK in 2049ms (Views: 30.7ms | ActiveRecord: 1.1ms)


Started POST "/users" for ::1 at 2015-12-15 11:46:37 -0800
Processing by UsersController#create as HTML
  Parameters: {"authenticity_token"=>"QUD2tPlq+4UufItBP/dbeLrMjlpNAHYouUZDq1kVZGSaj964ox6J/EVdUgweSTusHL8pkLE86+krfPhdYu+DKA==", "user"=>{"username"=>"Juraj", "password"=>"[FILTERED]"}}
  [1m[35m (0.2ms)[0m  BEGIN
  [1m[36mUser Exists (0.3ms)[0m  [1mSELECT  1 AS one FROM "users" WHERE "users"."session_token" = 'Ktvf31HaNSaZBAFvqkJe5Q' LIMIT 1[0m
  [1m[35mUser Exists (0.3ms)[0m  SELECT  1 AS one FROM "users" WHERE "users"."username" = 'Juraj' LIMIT 1
  [1m[36mSQL (0.4ms)[0m  [1mINSERT INTO "users" ("username", "password_digest", "session_token", "created_at", "updated_at") VALUES ($1, $2, $3, $4, $5) RETURNING "id"[0m  [["username", "Juraj"], ["password_digest", "$2a$10$iTuW9m0id/xCDqkWsMqeWuITZuY1ogf8mNYvU4hQK3EgB5Yxk0rGq"], ["session_token", "Ktvf31HaNSaZBAFvqkJe5Q"], ["created_at", "2015-12-15 19:46:37.611154"], ["updated_at", "2015-12-15 19:46:37.611154"]]
  [1m[35m (1.3ms)[0m  COMMIT
  [1m[36m (0.1ms)[0m  [1mBEGIN[0m
  [1m[35mUser Exists (0.4ms)[0m  SELECT  1 AS one FROM "users" WHERE ("users"."session_token" = '9rOue5jwYKCo39o9CylEbA' AND "users"."id" != 2) LIMIT 1
  [1m[36mUser Exists (0.3ms)[0m  [1mSELECT  1 AS one FROM "users" WHERE ("users"."username" = 'Juraj' AND "users"."id" != 2) LIMIT 1[0m
  [1m[35mSQL (0.4ms)[0m  UPDATE "users" SET "session_token" = $1, "updated_at" = $2 WHERE "users"."id" = $3  [["session_token", "9rOue5jwYKCo39o9CylEbA"], ["updated_at", "2015-12-15 19:46:37.616692"], ["id", 2]]
  [1m[36m (0.3ms)[0m  [1mCOMMIT[0m
Redirected to http://localhost:3000/users/2
Completed 302 Found in 83ms (ActiveRecord: 5.8ms)


Started GET "/users/2" for ::1 at 2015-12-15 11:46:37 -0800
Processing by UsersController#show as HTML
  Parameters: {"id"=>"2"}
  [1m[35mUser Load (0.8ms)[0m  SELECT  "users".* FROM "users" WHERE "users"."session_token" = $1 LIMIT 1  [["session_token", "9rOue5jwYKCo39o9CylEbA"]]
  Rendered users/show.html.erb within layouts/application (0.4ms)
Completed 200 OK in 31ms (Views: 27.4ms | ActiveRecord: 0.8ms)


Started GET "/users/2" for ::1 at 2015-12-15 11:47:04 -0800
Processing by UsersController#show as HTML
  Parameters: {"id"=>"2"}
  [1m[36mUser Load (0.3ms)[0m  [1mSELECT  "users".* FROM "users" WHERE "users"."session_token" = $1 LIMIT 1[0m  [["session_token", "9rOue5jwYKCo39o9CylEbA"]]
  Rendered users/show.html.erb within layouts/application (0.3ms)
Completed 200 OK in 28ms (Views: 26.7ms | ActiveRecord: 0.3ms)


Started GET "/assets/sessions.self-e3b0c44298fc1c149afbf4c8996fb92427ae41e4649b934ca495991b7852b855.css?body=1" for ::1 at 2015-12-15 11:47:04 -0800


Started GET "/assets/application.self-e80e8f2318043e8af94dddc2adad5a4f09739a8ebb323b3ab31cd71d45fd9113.css?body=1" for ::1 at 2015-12-15 11:47:04 -0800


Started GET "/assets/users.self-e3b0c44298fc1c149afbf4c8996fb92427ae41e4649b934ca495991b7852b855.css?body=1" for ::1 at 2015-12-15 11:47:04 -0800


Started GET "/assets/jquery.self-a714331225dda820228db323939889f149aec0127aeb06255646b616ba1ca419.js?body=1" for ::1 at 2015-12-15 11:47:04 -0800


Started GET "/assets/jquery_ujs.self-d456baa54c1fa6be2ec3711f0a72ddf7a5b2f34a6b4f515f33767d6207b7d4b3.js?body=1" for ::1 at 2015-12-15 11:47:05 -0800


Started GET "/assets/turbolinks.self-c37727e9bd6b2735da5c311aa83fead54ed0be6cc8bd9a65309e9c5abe2cbfff.js?body=1" for ::1 at 2015-12-15 11:47:05 -0800


Started GET "/assets/sessions.self-877aef30ae1b040ab8a3aba4e3e309a11d7f2612f44dde450b5c157aa5f95c05.js?body=1" for ::1 at 2015-12-15 11:47:05 -0800


Started GET "/assets/users.self-877aef30ae1b040ab8a3aba4e3e309a11d7f2612f44dde450b5c157aa5f95c05.js?body=1" for ::1 at 2015-12-15 11:47:05 -0800


Started GET "/assets/application.self-3b8dabdc891efe46b9a144b400ad69e37d7e5876bdc39dee783419a69d7ca819.js?body=1" for ::1 at 2015-12-15 11:47:05 -0800


Started GET "/users/2" for ::1 at 2015-12-15 13:29:14 -0800
Processing by UsersController#show as HTML
  Parameters: {"id"=>"2"}
  [1m[35mUser Load (0.3ms)[0m  SELECT  "users".* FROM "users" WHERE "users"."session_token" = $1 LIMIT 1  [["session_token", "9rOue5jwYKCo39o9CylEbA"]]
  Rendered users/show.html.erb within layouts/application (0.1ms)
Completed 200 OK in 159ms (Views: 147.2ms | ActiveRecord: 3.7ms)


Started GET "/assets/sessions.self-e3b0c44298fc1c149afbf4c8996fb92427ae41e4649b934ca495991b7852b855.css?body=1" for ::1 at 2015-12-15 13:29:15 -0800


Started GET "/assets/jquery_ujs.self-d456baa54c1fa6be2ec3711f0a72ddf7a5b2f34a6b4f515f33767d6207b7d4b3.js?body=1" for ::1 at 2015-12-15 13:29:15 -0800


Started GET "/assets/application.self-e80e8f2318043e8af94dddc2adad5a4f09739a8ebb323b3ab31cd71d45fd9113.css?body=1" for ::1 at 2015-12-15 13:29:15 -0800


Started GET "/assets/jquery.self-a714331225dda820228db323939889f149aec0127aeb06255646b616ba1ca419.js?body=1" for ::1 at 2015-12-15 13:29:15 -0800


Started GET "/assets/users.self-e3b0c44298fc1c149afbf4c8996fb92427ae41e4649b934ca495991b7852b855.css?body=1" for ::1 at 2015-12-15 13:29:15 -0800


Started GET "/assets/turbolinks.self-c37727e9bd6b2735da5c311aa83fead54ed0be6cc8bd9a65309e9c5abe2cbfff.js?body=1" for ::1 at 2015-12-15 13:29:15 -0800


Started GET "/assets/static_pages.self-e3b0c44298fc1c149afbf4c8996fb92427ae41e4649b934ca495991b7852b855.css?body=1" for ::1 at 2015-12-15 13:29:15 -0800


Started GET "/assets/sessions.self-877aef30ae1b040ab8a3aba4e3e309a11d7f2612f44dde450b5c157aa5f95c05.js?body=1" for ::1 at 2015-12-15 13:29:15 -0800


Started GET "/assets/users.self-877aef30ae1b040ab8a3aba4e3e309a11d7f2612f44dde450b5c157aa5f95c05.js?body=1" for ::1 at 2015-12-15 13:29:15 -0800


Started GET "/assets/application.self-3b8dabdc891efe46b9a144b400ad69e37d7e5876bdc39dee783419a69d7ca819.js?body=1" for ::1 at 2015-12-15 13:29:15 -0800


Started GET "/assets/static_pages.self-877aef30ae1b040ab8a3aba4e3e309a11d7f2612f44dde450b5c157aa5f95c05.js?body=1" for ::1 at 2015-12-15 13:29:15 -0800


Started GET "/users/2" for ::1 at 2015-12-15 13:29:20 -0800
Processing by UsersController#show as HTML
  Parameters: {"id"=>"2"}
  [1m[36mUser Load (0.3ms)[0m  [1mSELECT  "users".* FROM "users" WHERE "users"."session_token" = $1 LIMIT 1[0m  [["session_token", "9rOue5jwYKCo39o9CylEbA"]]
  Rendered users/show.html.erb within layouts/application (0.1ms)
Completed 200 OK in 41ms (Views: 38.9ms | ActiveRecord: 0.3ms)


Started GET "/assets/sessions.self-e3b0c44298fc1c149afbf4c8996fb92427ae41e4649b934ca495991b7852b855.css?body=1" for ::1 at 2015-12-15 13:29:20 -0800


Started GET "/assets/jquery.self-a714331225dda820228db323939889f149aec0127aeb06255646b616ba1ca419.js?body=1" for ::1 at 2015-12-15 13:29:20 -0800


Started GET "/assets/users.self-e3b0c44298fc1c149afbf4c8996fb92427ae41e4649b934ca495991b7852b855.css?body=1" for ::1 at 2015-12-15 13:29:20 -0800


Started GET "/assets/application.self-e80e8f2318043e8af94dddc2adad5a4f09739a8ebb323b3ab31cd71d45fd9113.css?body=1" for ::1 at 2015-12-15 13:29:20 -0800


Started GET "/assets/turbolinks.self-c37727e9bd6b2735da5c311aa83fead54ed0be6cc8bd9a65309e9c5abe2cbfff.js?body=1" for ::1 at 2015-12-15 13:29:20 -0800


Started GET "/assets/jquery_ujs.self-d456baa54c1fa6be2ec3711f0a72ddf7a5b2f34a6b4f515f33767d6207b7d4b3.js?body=1" for ::1 at 2015-12-15 13:29:20 -0800


Started GET "/assets/static_pages.self-e3b0c44298fc1c149afbf4c8996fb92427ae41e4649b934ca495991b7852b855.css?body=1" for ::1 at 2015-12-15 13:29:20 -0800


Started GET "/assets/sessions.self-877aef30ae1b040ab8a3aba4e3e309a11d7f2612f44dde450b5c157aa5f95c05.js?body=1" for ::1 at 2015-12-15 13:29:20 -0800


Started GET "/assets/users.self-877aef30ae1b040ab8a3aba4e3e309a11d7f2612f44dde450b5c157aa5f95c05.js?body=1" for ::1 at 2015-12-15 13:29:20 -0800


Started GET "/assets/application.self-3b8dabdc891efe46b9a144b400ad69e37d7e5876bdc39dee783419a69d7ca819.js?body=1" for ::1 at 2015-12-15 13:29:20 -0800


Started GET "/assets/static_pages.self-877aef30ae1b040ab8a3aba4e3e309a11d7f2612f44dde450b5c157aa5f95c05.js?body=1" for ::1 at 2015-12-15 13:29:20 -0800


Started GET "/users/2" for ::1 at 2015-12-15 13:29:46 -0800
Processing by UsersController#show as HTML
  Parameters: {"id"=>"2"}
  [1m[35mUser Load (0.4ms)[0m  SELECT  "users".* FROM "users" WHERE "users"."session_token" = $1 LIMIT 1  [["session_token", "9rOue5jwYKCo39o9CylEbA"]]
  Rendered users/show.html.erb within layouts/application (0.1ms)
Completed 200 OK in 38ms (Views: 36.2ms | ActiveRecord: 0.4ms)


Started GET "/assets/sessions.self-e3b0c44298fc1c149afbf4c8996fb92427ae41e4649b934ca495991b7852b855.css?body=1" for ::1 at 2015-12-15 13:29:46 -0800


Started GET "/assets/application.self-e80e8f2318043e8af94dddc2adad5a4f09739a8ebb323b3ab31cd71d45fd9113.css?body=1" for ::1 at 2015-12-15 13:29:46 -0800


Started GET "/assets/turbolinks.self-c37727e9bd6b2735da5c311aa83fead54ed0be6cc8bd9a65309e9c5abe2cbfff.js?body=1" for ::1 at 2015-12-15 13:29:46 -0800


Started GET "/assets/jquery_ujs.self-d456baa54c1fa6be2ec3711f0a72ddf7a5b2f34a6b4f515f33767d6207b7d4b3.js?body=1" for ::1 at 2015-12-15 13:29:46 -0800


Started GET "/assets/users.self-e3b0c44298fc1c149afbf4c8996fb92427ae41e4649b934ca495991b7852b855.css?body=1" for ::1 at 2015-12-15 13:29:46 -0800


Started GET "/assets/jquery.self-a714331225dda820228db323939889f149aec0127aeb06255646b616ba1ca419.js?body=1" for ::1 at 2015-12-15 13:29:46 -0800


Started GET "/assets/static_pages.self-e3b0c44298fc1c149afbf4c8996fb92427ae41e4649b934ca495991b7852b855.css?body=1" for ::1 at 2015-12-15 13:29:46 -0800


Started GET "/assets/sessions.self-877aef30ae1b040ab8a3aba4e3e309a11d7f2612f44dde450b5c157aa5f95c05.js?body=1" for ::1 at 2015-12-15 13:29:46 -0800


Started GET "/assets/users.self-877aef30ae1b040ab8a3aba4e3e309a11d7f2612f44dde450b5c157aa5f95c05.js?body=1" for ::1 at 2015-12-15 13:29:46 -0800


Started GET "/assets/application.self-3b8dabdc891efe46b9a144b400ad69e37d7e5876bdc39dee783419a69d7ca819.js?body=1" for ::1 at 2015-12-15 13:29:46 -0800


Started GET "/assets/static_pages.self-877aef30ae1b040ab8a3aba4e3e309a11d7f2612f44dde450b5c157aa5f95c05.js?body=1" for ::1 at 2015-12-15 13:29:46 -0800


Started DELETE "/session" for ::1 at 2015-12-15 13:29:48 -0800
Processing by SessionsController#destroy as HTML
  Parameters: {"authenticity_token"=>"1GJv/d2NaI2lzx2PKhEA+8/NQIrdFJX37pi7yFGerXgPrUfxh/ka9M7uxMILr2Avab7nQCEoCDZ8ogA+amRKNA=="}
  [1m[36mUser Load (0.3ms)[0m  [1mSELECT  "users".* FROM "users" WHERE "users"."session_token" = $1 LIMIT 1[0m  [["session_token", "9rOue5jwYKCo39o9CylEbA"]]
  [1m[35m (0.1ms)[0m  BEGIN
  [1m[36mUser Exists (0.3ms)[0m  [1mSELECT  1 AS one FROM "users" WHERE ("users"."session_token" = '_K5bPTg8nZbKTO1kPfF_EA' AND "users"."id" != 2) LIMIT 1[0m
  [1m[35mUser Exists (0.3ms)[0m  SELECT  1 AS one FROM "users" WHERE ("users"."username" = 'Juraj' AND "users"."id" != 2) LIMIT 1
  [1m[36mSQL (0.3ms)[0m  [1mUPDATE "users" SET "session_token" = $1, "updated_at" = $2 WHERE "users"."id" = $3[0m  [["session_token", "_K5bPTg8nZbKTO1kPfF_EA"], ["updated_at", "2015-12-15 21:29:48.314755"], ["id", 2]]
  [1m[35m (0.3ms)[0m  COMMIT
Redirected to http://localhost:3000/session/new
Completed 302 Found in 7ms (ActiveRecord: 1.7ms)


Started GET "/session/new" for ::1 at 2015-12-15 13:29:48 -0800
Processing by SessionsController#new as HTML
  Rendered shared/_errors.html.erb (0.1ms)
  Rendered sessions/new.html.erb within layouts/application (1.6ms)
Completed 200 OK in 43ms (Views: 42.1ms | ActiveRecord: 0.0ms)


Started POST "/session" for ::1 at 2015-12-15 13:30:44 -0800
Processing by SessionsController#create as HTML
  Parameters: {"authenticity_token"=>"69I4sTe/rBc6kBD37+2QC0aDM1FkxyM45KTwUTKruTswHRC9bcveblGxybrOU/Df4PCUm5j7vvl2nkunCVFedw==", "user"=>{"username"=>"Juraj", "password"=>"[FILTERED]"}}
  [1m[36mUser Load (0.4ms)[0m  [1mSELECT  "users".* FROM "users" WHERE "users"."username" = $1 LIMIT 1[0m  [["username", "Juraj"]]
  [1m[35m (0.1ms)[0m  BEGIN
  [1m[36mUser Exists (0.4ms)[0m  [1mSELECT  1 AS one FROM "users" WHERE ("users"."session_token" = 'FmSc951PdrnhsY5tzaDs7g' AND "users"."id" != 2) LIMIT 1[0m
  [1m[35mUser Exists (0.4ms)[0m  SELECT  1 AS one FROM "users" WHERE ("users"."username" = 'Juraj' AND "users"."id" != 2) LIMIT 1
  [1m[36mSQL (0.3ms)[0m  [1mUPDATE "users" SET "session_token" = $1, "updated_at" = $2 WHERE "users"."id" = $3[0m  [["session_token", "FmSc951PdrnhsY5tzaDs7g"], ["updated_at", "2015-12-15 21:30:44.135910"], ["id", 2]]
  [1m[35m (1.3ms)[0m  COMMIT
Redirected to http://localhost:3000/users/2
Completed 302 Found in 75ms (ActiveRecord: 2.8ms)


Started GET "/users/2" for ::1 at 2015-12-15 13:30:44 -0800
Processing by UsersController#show as HTML
  Parameters: {"id"=>"2"}
  [1m[36mUser Load (0.2ms)[0m  [1mSELECT  "users".* FROM "users" WHERE "users"."session_token" = $1 LIMIT 1[0m  [["session_token", "FmSc951PdrnhsY5tzaDs7g"]]
  Rendered users/show.html.erb within layouts/application (0.1ms)
Completed 200 OK in 39ms (Views: 38.0ms | ActiveRecord: 0.2ms)


Started DELETE "/session" for ::1 at 2015-12-15 13:30:48 -0800
Processing by SessionsController#destroy as HTML
  Parameters: {"authenticity_token"=>"inxNlowo7pufr8GpUa9PBghODU90bNtnyj9otqx5aZhRs2Wa1lyc4vSOGORwES/Srj2qhYhQRqZYBdNAl4OO1A=="}
  [1m[35mUser Load (0.2ms)[0m  SELECT  "users".* FROM "users" WHERE "users"."session_token" = $1 LIMIT 1  [["session_token", "FmSc951PdrnhsY5tzaDs7g"]]
  [1m[36m (0.2ms)[0m  [1mBEGIN[0m
  [1m[35mUser Exists (0.9ms)[0m  SELECT  1 AS one FROM "users" WHERE ("users"."session_token" = 'gjylm2hrB1XuWqrmDoBbHw' AND "users"."id" != 2) LIMIT 1
  [1m[36mUser Exists (1.1ms)[0m  [1mSELECT  1 AS one FROM "users" WHERE ("users"."username" = 'Juraj' AND "users"."id" != 2) LIMIT 1[0m
  [1m[35mSQL (0.7ms)[0m  UPDATE "users" SET "session_token" = $1, "updated_at" = $2 WHERE "users"."id" = $3  [["session_token", "gjylm2hrB1XuWqrmDoBbHw"], ["updated_at", "2015-12-15 21:30:48.236750"], ["id", 2]]
  [1m[36m (0.3ms)[0m  [1mCOMMIT[0m
Redirected to http://localhost:3000/session/new
Completed 302 Found in 11ms (ActiveRecord: 3.4ms)


Started GET "/session/new" for ::1 at 2015-12-15 13:30:48 -0800
Processing by SessionsController#new as HTML
  Rendered shared/_errors.html.erb (0.1ms)
  Rendered sessions/new.html.erb within layouts/application (1.1ms)
Completed 200 OK in 34ms (Views: 33.4ms | ActiveRecord: 0.0ms)


Started GET "/" for ::1 at 2015-12-15 13:30:59 -0800
Processing by StaticPagesController#root as HTML
Redirected to http://localhost:3000/users/new
Filter chain halted as :require_user! rendered or redirected
Completed 302 Found in 1ms (ActiveRecord: 0.0ms)


Started GET "/users/new" for ::1 at 2015-12-15 13:30:59 -0800
Processing by UsersController#new as HTML
  Rendered shared/_errors.html.erb (0.1ms)
  Rendered users/new.html.erb within layouts/application (1.3ms)
Completed 200 OK in 37ms (Views: 35.7ms | ActiveRecord: 0.0ms)


Started GET "/assets/users.self-e3b0c44298fc1c149afbf4c8996fb92427ae41e4649b934ca495991b7852b855.css?body=1" for ::1 at 2015-12-15 13:30:59 -0800


Started GET "/assets/sessions.self-e3b0c44298fc1c149afbf4c8996fb92427ae41e4649b934ca495991b7852b855.css?body=1" for ::1 at 2015-12-15 13:30:59 -0800


Started GET "/assets/application.self-e80e8f2318043e8af94dddc2adad5a4f09739a8ebb323b3ab31cd71d45fd9113.css?body=1" for ::1 at 2015-12-15 13:30:59 -0800


Started GET "/assets/jquery.self-a714331225dda820228db323939889f149aec0127aeb06255646b616ba1ca419.js?body=1" for ::1 at 2015-12-15 13:30:59 -0800


Started GET "/assets/jquery_ujs.self-d456baa54c1fa6be2ec3711f0a72ddf7a5b2f34a6b4f515f33767d6207b7d4b3.js?body=1" for ::1 at 2015-12-15 13:30:59 -0800


Started GET "/assets/turbolinks.self-c37727e9bd6b2735da5c311aa83fead54ed0be6cc8bd9a65309e9c5abe2cbfff.js?body=1" for ::1 at 2015-12-15 13:30:59 -0800


Started GET "/assets/sessions.self-877aef30ae1b040ab8a3aba4e3e309a11d7f2612f44dde450b5c157aa5f95c05.js?body=1" for ::1 at 2015-12-15 13:30:59 -0800


Started GET "/assets/users.self-877aef30ae1b040ab8a3aba4e3e309a11d7f2612f44dde450b5c157aa5f95c05.js?body=1" for ::1 at 2015-12-15 13:30:59 -0800


Started GET "/assets/application.self-3b8dabdc891efe46b9a144b400ad69e37d7e5876bdc39dee783419a69d7ca819.js?body=1" for ::1 at 2015-12-15 13:30:59 -0800


Started GET "/session/new" for ::1 at 2015-12-15 15:07:22 -0800
Processing by SessionsController#new as HTML
  Rendered shared/_errors.html.erb (0.9ms)
  Rendered sessions/new.html.erb within layouts/application (5.0ms)
Completed 200 OK in 98ms (Views: 96.1ms | ActiveRecord: 0.0ms)


Started GET "/users/new" for ::1 at 2015-12-15 15:07:23 -0800
Processing by UsersController#new as HTML
  Rendered shared/_errors.html.erb (0.1ms)
  Rendered users/new.html.erb within layouts/application (2.4ms)
Completed 200 OK in 79ms (Views: 76.5ms | ActiveRecord: 0.0ms)


Started POST "/users" for ::1 at 2015-12-15 15:07:48 -0800
Processing by UsersController#create as HTML
  Parameters: {"authenticity_token"=>"w/FGNZK1PoIDePncDNc/NPc1mzbbXArm/ZlEXhabElMYPm45yMFM+2hZIJEtaV/gUUY8/Cdglydvo/+oLWH1Hw==", "user"=>{"username"=>"Juraj", "password"=>"[FILTERED]"}}
  [1m[35m (0.2ms)[0m  BEGIN
  [1m[36mUser Exists (0.9ms)[0m  [1mSELECT  1 AS one FROM "users" WHERE "users"."session_token" = 'NR61hcIhlaKCZV3GGI-X4Q' LIMIT 1[0m
  [1m[35mUser Exists (0.4ms)[0m  SELECT  1 AS one FROM "users" WHERE "users"."username" = 'Juraj' LIMIT 1
  [1m[36m (0.2ms)[0m  [1mROLLBACK[0m
  Rendered shared/_errors.html.erb (0.1ms)
  Rendered users/new.html.erb within layouts/application (0.9ms)
Completed 200 OK in 118ms (Views: 41.0ms | ActiveRecord: 1.6ms)


Started GET "/session/new" for ::1 at 2015-12-15 15:07:52 -0800
Processing by SessionsController#new as HTML
  Rendered shared/_errors.html.erb (0.2ms)
  Rendered sessions/new.html.erb within layouts/application (1.6ms)
Completed 200 OK in 46ms (Views: 45.0ms | ActiveRecord: 0.0ms)


Started POST "/session" for ::1 at 2015-12-15 15:08:01 -0800
Processing by SessionsController#create as HTML
  Parameters: {"authenticity_token"=>"EkRd2vXMaijIM+W87Mz9wSH3Ut97G7ezSb2o+NBsnWHJi3XWr7gYUaMSPPHNcp0Vh4T1FYcnKnLbhxMO65Z6LQ==", "user"=>{"username"=>"Juraj", "password"=>"[FILTERED]"}}
  [1m[35mUser Load (1.0ms)[0m  SELECT  "users".* FROM "users" WHERE "users"."username" = $1 LIMIT 1  [["username", "Juraj"]]
  [1m[36m (0.1ms)[0m  [1mBEGIN[0m
  [1m[35mUser Exists (0.3ms)[0m  SELECT  1 AS one FROM "users" WHERE ("users"."session_token" = 'WX_ZwhOtX3mfGOxE9IcuSg' AND "users"."id" != 2) LIMIT 1
  [1m[36mUser Exists (0.3ms)[0m  [1mSELECT  1 AS one FROM "users" WHERE ("users"."username" = 'Juraj' AND "users"."id" != 2) LIMIT 1[0m
  [1m[35mSQL (0.5ms)[0m  UPDATE "users" SET "session_token" = $1, "updated_at" = $2 WHERE "users"."id" = $3  [["session_token", "WX_ZwhOtX3mfGOxE9IcuSg"], ["updated_at", "2015-12-15 23:08:01.341425"], ["id", 2]]
  [1m[36m (1.5ms)[0m  [1mCOMMIT[0m
Redirected to http://localhost:3000/users/2
Completed 302 Found in 79ms (ActiveRecord: 3.8ms)


Started GET "/users/2" for ::1 at 2015-12-15 15:08:01 -0800
Processing by UsersController#show as HTML
  Parameters: {"id"=>"2"}
  [1m[35mUser Load (0.3ms)[0m  SELECT  "users".* FROM "users" WHERE "users"."session_token" = $1 LIMIT 1  [["session_token", "WX_ZwhOtX3mfGOxE9IcuSg"]]
  Rendered users/show.html.erb within layouts/application (0.1ms)
Completed 200 OK in 41ms (Views: 39.5ms | ActiveRecord: 0.3ms)


Started DELETE "/session" for ::1 at 2015-12-15 15:08:03 -0800
Processing by SessionsController#destroy as HTML
  Parameters: {"authenticity_token"=>"Y6WpHOwEcOVYPPuvHOA20Xx18tqNYliuKZe/Up58cLm4aoEQtnACnDMdIuI9XlYF2gZVEHFexW+7rQSkpYaX9Q=="}
  [1m[36mUser Load (0.2ms)[0m  [1mSELECT  "users".* FROM "users" WHERE "users"."session_token" = $1 LIMIT 1[0m  [["session_token", "WX_ZwhOtX3mfGOxE9IcuSg"]]
  [1m[35m (0.1ms)[0m  BEGIN
  [1m[36mUser Exists (0.3ms)[0m  [1mSELECT  1 AS one FROM "users" WHERE ("users"."session_token" = 'QV5CsiZzLZZzEegg_W9kkg' AND "users"."id" != 2) LIMIT 1[0m
  [1m[35mUser Exists (0.3ms)[0m  SELECT  1 AS one FROM "users" WHERE ("users"."username" = 'Juraj' AND "users"."id" != 2) LIMIT 1
  [1m[36mSQL (0.3ms)[0m  [1mUPDATE "users" SET "session_token" = $1, "updated_at" = $2 WHERE "users"."id" = $3[0m  [["session_token", "QV5CsiZzLZZzEegg_W9kkg"], ["updated_at", "2015-12-15 23:08:03.710715"], ["id", 2]]
  [1m[35m (0.4ms)[0m  COMMIT
Redirected to http://localhost:3000/session/new
Completed 302 Found in 6ms (ActiveRecord: 1.6ms)


Started GET "/session/new" for ::1 at 2015-12-15 15:08:03 -0800
Processing by SessionsController#new as HTML
  Rendered shared/_errors.html.erb (0.1ms)
  Rendered sessions/new.html.erb within layouts/application (1.1ms)
Completed 200 OK in 38ms (Views: 37.9ms | ActiveRecord: 0.0ms)


Started GET "/session/new" for ::1 at 2015-12-15 15:27:18 -0800
Processing by SessionsController#new as HTML
  Rendered shared/_errors.html.erb (0.3ms)
  Rendered sessions/new.html.erb within layouts/application (3.0ms)
Completed 200 OK in 49ms (Views: 48.3ms | ActiveRecord: 0.0ms)


Started GET "/assets/sessions.self-e3b0c44298fc1c149afbf4c8996fb92427ae41e4649b934ca495991b7852b855.css?body=1" for ::1 at 2015-12-15 15:27:18 -0800


Started GET "/assets/jquery.self-a714331225dda820228db323939889f149aec0127aeb06255646b616ba1ca419.js?body=1" for ::1 at 2015-12-15 15:27:18 -0800


Started GET "/assets/application.self-e80e8f2318043e8af94dddc2adad5a4f09739a8ebb323b3ab31cd71d45fd9113.css?body=1" for ::1 at 2015-12-15 15:27:18 -0800


Started GET "/assets/users.self-e3b0c44298fc1c149afbf4c8996fb92427ae41e4649b934ca495991b7852b855.css?body=1" for ::1 at 2015-12-15 15:27:18 -0800


Started GET "/assets/turbolinks.self-c37727e9bd6b2735da5c311aa83fead54ed0be6cc8bd9a65309e9c5abe2cbfff.js?body=1" for ::1 at 2015-12-15 15:27:18 -0800


Started GET "/assets/jquery_ujs.self-d456baa54c1fa6be2ec3711f0a72ddf7a5b2f34a6b4f515f33767d6207b7d4b3.js?body=1" for ::1 at 2015-12-15 15:27:18 -0800


Started GET "/assets/sessions.self-877aef30ae1b040ab8a3aba4e3e309a11d7f2612f44dde450b5c157aa5f95c05.js?body=1" for ::1 at 2015-12-15 15:27:18 -0800


Started GET "/assets/users.self-877aef30ae1b040ab8a3aba4e3e309a11d7f2612f44dde450b5c157aa5f95c05.js?body=1" for ::1 at 2015-12-15 15:27:18 -0800


Started GET "/assets/application.self-3b8dabdc891efe46b9a144b400ad69e37d7e5876bdc39dee783419a69d7ca819.js?body=1" for ::1 at 2015-12-15 15:27:18 -0800
